<?xml version="1.0" encoding="UTF-8"?>
<!-- Generated by org.testng.reporters.JUnitReportReporter -->
<testsuite skipped="0" hostname="AL02274756.local" name="com.example.LocatorTest" tests="1" failures="0" timestamp="12 Mar 2023 05:20:00 GMT" time="10.881" errors="0">
  <testcase name="byCssSelectoComplexExample" time="10.881" classname="com.example.LocatorTest"/>
</testsuite> <!-- com.example.LocatorTest -->
