<?xml version="1.0" encoding="UTF-8"?>
<!-- Generated by org.testng.reporters.JUnitReportReporter -->
<testsuite skipped="0" hostname="AL02274756.local" name="com.example.NavigationTest" tests="1" failures="0" timestamp="12 Mar 2023 13:23:21 GMT" time="8.339" errors="0">
  <testcase name="navigateToAUrl" time="8.339" classname="com.example.NavigationTest"/>
</testsuite> <!-- com.example.NavigationTest -->
