<?xml version="1.0" encoding="UTF-8"?>
<!-- Generated by org.testng.reporters.JUnitReportReporter -->
<testsuite skipped="0" hostname="AL02274756.local" name="com.example.PraticeChapter1" tests="2" failures="0" timestamp="11 May 2023 09:21:14 GMT" time="51.385" errors="0">
  <testcase name="searchWebtoon" time="28.814" classname="com.example.PraticeChapter1"/>
  <testcase name="clickLogo" time="22.571" classname="com.example.PraticeChapter1"/>
</testsuite> <!-- com.example.PraticeChapter1 -->
