<?xml version="1.0" encoding="UTF-8"?>
<!-- Generated by org.testng.reporters.JUnitReportReporter -->
<testsuite skipped="0" hostname="AL02274756.local" name="com.example.SearchTest" tests="1" failures="0" timestamp="05 Mar 2023 16:33:28 GMT" time="12.371" errors="0">
  <testcase name="searchProduct" time="12.371" classname="com.example.SearchTest"/>
</testsuite> <!-- com.example.SearchTest -->
