<?xml version="1.0" encoding="UTF-8"?>
<!-- Generated by org.testng.reporters.JUnitReportReporter -->
<testsuite skipped="0" hostname="AL02274756.local" name="com.example.NaverTvTest" tests="1" failures="0" timestamp="12 Mar 2023 13:43:47 GMT" time="11.429" errors="0">
  <testcase name="searchContents" time="11.429" classname="com.example.NaverTvTest"/>
</testsuite> <!-- com.example.NaverTvTest -->
