<?xml version="1.0" encoding="UTF-8"?>
<!-- Generated by org.testng.reporters.JUnitReportReporter -->
<testsuite skipped="0" hostname="AL02274756.local" name="com.example.ElementTests" tests="1" failures="0" timestamp="12 Mar 2023 06:53:29 GMT" time="5.943" errors="0">
  <testcase name="elementStateExample" time="5.943" classname="com.example.ElementTests"/>
</testsuite> <!-- com.example.ElementTests -->
