<?xml version="1.0" encoding="UTF-8"?>
<!-- Generated by org.testng.reporters.JUnitReportReporter -->
<testsuite skipped="0" hostname="AL02274756.local" name="com.example.Practice5" tests="1" failures="0" timestamp="16 Apr 2023 04:46:02 GMT" time="20.643" errors="0">
  <testcase name="select" time="20.643" classname="com.example.Practice5"/>
</testsuite> <!-- com.example.Practice5 -->
