<?xml version="1.0" encoding="UTF-8"?>
<!-- Generated by org.testng.reporters.JUnitReportReporter -->
<testsuite skipped="0" hostname="AL02274756.local" name="com.example.StoreNaverCookieInfo" tests="1" failures="0" timestamp="03 Apr 2023 05:20:53 GMT" time="14.941" errors="0">
  <testcase name="storeCookies" time="14.941" classname="com.example.StoreNaverCookieInfo"/>
</testsuite> <!-- com.example.StoreNaverCookieInfo -->
