<?xml version="1.0" encoding="UTF-8"?>
<!-- Generated by org.testng.reporters.JUnitReportReporter -->
<testsuite skipped="0" hostname="AL02274756.local" name="com.example.ActionsTest" tests="1" failures="0" timestamp="09 Apr 2023 06:24:53 GMT" time="8.258" errors="0">
  <testcase name="ContextClickAtCurrentLocation" time="8.258" classname="com.example.ActionsTest"/>
</testsuite> <!-- com.example.ActionsTest -->
