<?xml version="1.0" encoding="UTF-8"?>
<!-- Generated by org.testng.reporters.JUnitReportReporter -->
<testsuite skipped="0" hostname="AL02274756.local" name="com.example.CommentTestWithObject" tests="1" failures="0" timestamp="24 May 2023 03:08:10 GMT" time="25.364" errors="0">
  <testcase name="VodPage" time="25.364" classname="com.example.CommentTestWithObject"/>
</testsuite> <!-- com.example.CommentTestWithObject -->
