<?xml version="1.0" encoding="UTF-8"?>
<!-- Generated by org.testng.reporters.JUnitReportReporter -->
<testsuite skipped="0" hostname="AD02275547" name="miniProject.membership_TC" tests="1" failures="0" timestamp="18 6ì›” 2023 15:01:42 GMT" time="1.144" errors="0">
  <testcase name="TC_01_membership_Join" time="1.144" classname="miniProject.membership_TC"/>
</testsuite> <!-- miniProject.membership_TC -->
