<?xml version="1.0" encoding="UTF-8"?>
<!-- Generated by org.testng.reporters.JUnitReportReporter -->
<testsuite skipped="0" hostname="AL02274756.local" name="com.example.TC_NTV_VodComment" tests="1" failures="0" timestamp="03 Jun 2023 11:01:31 GMT" time="54.176" errors="0">
  <testcase name="TC_01_04_정렬" time="54.176" classname="com.example.TC_NTV_VodComment"/>
</testsuite> <!-- com.example.TC_NTV_VodComment -->
