<?xml version="1.0" encoding="UTF-8"?>
<!-- Generated by org.testng.reporters.JUnitReportReporter -->
<testsuite hostname="AL02274756.local" failures="0" tests="1" name="com.example.SearchTest" time="15.343" errors="0" timestamp="06 9ì›” 2023 08:22:18 GMT" skipped="0">
  <testcase classname="com.example.SearchTest" name="searchProduct" time="15.343"/>
</testsuite> <!-- com.example.SearchTest -->
