<?xml version="1.0" encoding="UTF-8"?>
<!-- Generated by org.testng.reporters.JUnitReportReporter -->
<testsuite skipped="0" hostname="AL02274756.local" name="com.example.ApiTest" tests="2" failures="0" timestamp="19 Mar 2023 02:19:25 GMT" time="21.611" errors="0">
  <testcase name="imgAltTest" time="9.226" classname="com.example.ApiTest"/>
  <testcase name="linksTest" time="12.385" classname="com.example.ApiTest"/>
</testsuite> <!-- com.example.ApiTest -->
