<?xml version="1.0" encoding="UTF-8"?>
<!-- Generated by org.testng.reporters.JUnitReportReporter -->
<testsuite skipped="0" hostname="AL02274756.local" name="com.example.Practice2" tests="3" failures="0" timestamp="19 Mar 2023 13:47:53 GMT" time="58.272" errors="0">
  <testcase name="imgAltTest" time="16.131" classname="com.example.Practice2"/>
  <testcase name="maxLikeTest" time="7.331" classname="com.example.Practice2"/>
  <testcase name="linksTest" time="34.810" classname="com.example.Practice2"/>
</testsuite> <!-- com.example.Practice2 -->
