<?xml version="1.0" encoding="UTF-8"?>
<!-- Generated by org.testng.reporters.JUnitReportReporter -->
<testsuite hostname="AL02274756.local" failures="0" tests="1" name="android_test01.android01" time="6.952" errors="0" timestamp="2023-11-05T01:17:03 KST" skipped="0">
  <testcase classname="android_test01.android01" name="Test1" time="6.952"/>
  <system-out/>
</testsuite> <!-- android_test01.android01 -->
